<?xml version="1.0" encoding="UTF-8"?>
<!--
 Copyright (c) 2013-2014, Stephen Gold
 All rights reserved.

 Redistribution and use in source and binary forms, with or without
 modification, are permitted provided that the following conditions are met:
 * Redistributions of source code must retain the above copyright
 notice, this list of conditions and the following disclaimer.
 * Redistributions in binary form must reproduce the above copyright
 notice, this list of conditions and the following disclaimer in the
 documentation and/or other materials provided with the distribution.
 * Stephen Gold's name may not be used to endorse or promote products
 derived from this software without specific prior written permission.

 THIS SOFTWARE IS PROVIDED BY THE COPYRIGHT HOLDERS AND CONTRIBUTORS "AS IS" AND
 ANY EXPRESS OR IMPLIED WARRANTIES, INCLUDING, BUT NOT LIMITED TO, THE IMPLIED
 WARRANTIES OF MERCHANTABILITY AND FITNESS FOR A PARTICULAR PURPOSE ARE
 DISCLAIMED. IN NO EVENT SHALL STEPHEN GOLD BE LIABLE FOR ANY
 DIRECT, INDIRECT, INCIDENTAL, SPECIAL, EXEMPLARY, OR CONSEQUENTIAL DAMAGES
 (INCLUDING, BUT NOT LIMITED TO, PROCUREMENT OF SUBSTITUTE GOODS OR SERVICES;
 LOSS OF USE, DATA, OR PROFITS; OR BUSINESS INTERRUPTION) HOWEVER CAUSED AND
 ON ANY THEORY OF LIABILITY, WHETHER IN CONTRACT, STRICT LIABILITY, OR TORT
 (INCLUDING NEGLIGENCE OR OTHERWISE) ARISING IN ANY WAY OUT OF THE USE OF THIS
 SOFTWARE, EVEN IF ADVISED OF THE POSSIBILITY OF SUCH DAMAGE.
-->

<!--
 The heads-up display (HUD) for the TestSkyControl application.
-->
<nifty xmlns="http://nifty-gui.sourceforge.net/nifty-1.3.xsd"
       xmlns:xsi="http://www.w3.org/2001/XMLSchema-instance"
       xsi:schemaLocation="http://nifty-gui.sourceforge.net/nifty-1.3.xsd">

    <!-- define styles and controls -->
    <useStyles filename="nifty-default-styles.xml"/>
    <useStyles filename="Interface/Nifty/styles/bats.xml"/>
    <useControls filename="nifty-default-controls.xml"/>

    <screen id="test-sky-control"
            controller="jme3utilities.sky.test.TestSkyControlHud">
        <layer childLayout="horizontal">
            <panel/>
            <panel id="hud"
                   childLayout="vertical"
                   width="208">
                <control name="scrollPanel"
                         style="bats-scroll-panel"
                         horizontal="false">
                    <panel childLayout="vertical"
                           padding="10"
                           width="188">

                        <panel style="statusPanel"
                               height="40">
                            <control name="label"
                                     text="The H key toggles this display."/>
                        </panel>
                        <panel style="statusPanel">
                            <control name="label"
                                     text="The view aximuth is:"/>
                            <control name="label" id="azimuthStatus"
                                     textHAlign="right"/>
                        </panel>
                        <panel style="statusPanel">
                            <control name="label"
                                     text="The field of view is:"/>
                            <control name="label" id="fovStatus"
                                     textHAlign="right"/>
                        </panel>
                        <panel style="statusPanel">
                            <control name="label"
                                     text="The time is:"/>
                            <control name="label" id="time"
                                     textHAlign="right"/>
                        </panel>

                        <panel style="statusPanel">
                            <control name="label"
                                     text="Time direction:"/>
                        </panel>
                        <control name="radioButtonGroup" id="timeGroup"/>
                        <panel style="indentPanel">
                            <control name="radioButton" id="forwardRadioButton"
                                     group="timeGroup"/>
                            <control name="label"
                                     width="12"/>
                            <control name="label"
                                     text="forward"/>
                        </panel>
                        <panel style="indentPanel">
                            <control name="radioButton" id="pauseRadioButton"
                                     group="timeGroup"/>
                            <control name="label"
                                     width="12"/>
                            <control name="label"
                                     text="pause"/>
                        </panel>
                        <panel style="indentPanel">
                            <control name="radioButton" id="reverseRadioButton"
                                     group="timeGroup"/>
                            <control name="label"
                                     width="12"/>
                            <control name="label"
                                     text="reverse"/>
                        </panel>

                        <panel style="statusPanel">
                            <control name="label" id="speedSliderStatus"/>
                        </panel>
                        <control name="horizontalSlider" id="speedSlider"
                                 buttonStepSize="1"
                                 max="4"
                                 min="0"
                                 stepSize="0.01"/>

                        <panel style="statusPanel">
                            <control name="label" id="cloudinessSliderStatus"/>
                        </panel>
                        <control name="horizontalSlider" id="cloudinessSlider"
                                 buttonStepSize="1"
                                 initial="1"
                                 max="1"
                                 min="0"
                                 stepSize="0.01"/>

                        <panel style="statusPanel">
                            <control name="label" id="cloudRateSliderStatus"/>
                        </panel>
                        <control name="horizontalSlider" id="cloudRateSlider"
                                 buttonStepSize="1"
                                 height="30"
                                 initial="1"
                                 max="9"
                                 min="-9"
                                 stepSize="0.01"/>

                        <panel childLayout="horizontal">
                            <control name="checkbox" id="modulationCheckBox"
                                     width="20"/>
                            <control name="label"
                                     text="   modulate the main light"/>
                        </panel>

                        <panel style="statusPanel">
                            <control name="label" id="latitudeSliderStatus"/>
                        </panel>
                        <control name="horizontalSlider" id="latitudeSlider"
                                 buttonStepSize="90"
                                 initial="51.1788"
                                 max="90"
                                 min="-90"
                                 stepSize="0.01"/>

                        <panel style="statusPanel">
                            <control name="label" id="solarLongSliderStatus"/>
                        </panel>
                        <control name="horizontalSlider" id="solarLongSlider"
                                 buttonStepSize="90"
                                 initial="0"
                                 max="360"
                                 min="0"
                                 stepSize="1"/>

                        <panel style="statusPanel">
                            <control name="label" id="phaseStatus"/>
                        </panel>
                        <panel style="buttonPanel">
                            <control name="button" id="id2ToAvoidNiftyWarning"
                                     label="Select lunar phase">
                                <interact onRelease="perform(phase)"/>
                            </control>
                        </panel>

                        <panel style="statusPanel">
                            <control name="label" id="phaseDegreesSliderStatus"/>
                        </panel>
                        <control name="horizontalSlider" id="phaseDegreesSlider"
                                 buttonStepSize="90"
                                 initial="180"
                                 max="360"
                                 min="0"
                                 stepSize="1"/>

                        <panel style="statusPanel">
                            <control name="label" id="diameterSliderStatus"/>
                        </panel>
                        <control name="horizontalSlider" id="diameterSlider"
                                 buttonStepSize="1"
                                 initial="-1.5"
                                 max="0"
                                 min="-3"
                                 stepSize="0.01"/>

                        <panel style="statusPanel">
                            <control name="label" id="cloudYOffsetSliderStatus"/>
                        </panel>
                        <control name="horizontalSlider" id="cloudYOffsetSlider"
                                 buttonStepSize="0.1"
                                 height="40"
                                 initial="0"
                                 max="0.8"
                                 min="0"
                                 stepSize="0.01"/>

                        <panel style="statusPanel">
                            <control name="label" id="reliefSliderStatus"/>
                        </panel>
                        <control name="horizontalSlider" id="reliefSlider"
                                 buttonStepSize="100"
                                 height="40"
                                 initial="50"
                                 max="500"
                                 min="1"
                                 stepSize="1"/>

                    </panel>
                </control>
            </panel>
        </layer>
    </screen>
</nifty>